2026-07-03T14:37:38.837378Z  INFO kaptaind: Starting kaptaind
2026-07-03T14:37:38.837411Z  INFO kaptaind: Watching repository at: /home/sal/bart/
2026-07-03T14:37:38.846065Z  INFO kaptaind::daemon::runtime: capability network_push is disabled
2026-07-03T14:37:38.846079Z  INFO kaptaind::daemon::runtime: capability network_webhooks is disabled
2026-07-03T14:37:38.846081Z  INFO kaptaind::daemon::runtime: capability network_inference is disabled
2026-07-03T14:37:38.846083Z  INFO kaptaind::daemon::runtime: capability bundle_scoring is disabled
2026-07-03T14:37:38.846085Z  INFO kaptaind::daemon::runtime: capability external_plugins is disabled
2026-07-03T14:37:38.910560Z  INFO kaptaind::angler::git_hooks: Installed 7 git hooks
2026-07-03T14:37:38.910593Z  INFO kaptaind::angler: Git hooks installed successfully
2026-07-03T14:37:38.910599Z  INFO kaptaind::daemon::scheduler: Angler system initialized
2026-07-03T14:37:48.913579Z  INFO kaptaind::daemon::scheduler: cluster window expired by timeout cluster_id=3064b1e7-a537-4d35-98c0-338fe17a5af3
2026-07-03T14:37:49.208231Z  INFO kaptaind::daemon::scheduler: Token usage and cost tracking input_tokens=2700 output_tokens=35 marginal_cost=0.0014025 aggregate_cost=0.0014025
2026-07-03T14:37:49.223005Z ERROR kaptaind::daemon::scheduler: commit failed error=git add -- /home/sal/bart/./.kaptaind/status.tmp failed: fatal: pathspec '/home/sal/bart/./.kaptaind/status.tmp' did not match any files
2026-07-03T14:37:59.225770Z  INFO kaptaind::daemon::scheduler: cluster window expired by timeout cluster_id=fcebe2fb-9a7d-4c1b-9e00-2b6c2003cf72
2026-07-03T14:38:21.217760Z  INFO kaptaind::daemon::scheduler: Token usage and cost tracking input_tokens=6410 output_tokens=35 marginal_cost=0.0032575 aggregate_cost=0.00466
2026-07-03T14:38:21.288015Z ERROR kaptaind::daemon::scheduler: commit failed error=git add -- /home/sal/bart/./.kaptaind/status.tmp failed: fatal: pathspec '/home/sal/bart/./.kaptaind/status.tmp' did not match any files
2026-07-03T14:38:21.291211Z  INFO kaptaind::daemon::scheduler: cluster window expired by new event cluster_id=3c909eac-ce73-4996-bb81-d11627e78211
2026-07-03T14:38:22.184510Z  INFO kaptaind::daemon::scheduler: Token usage and cost tracking input_tokens=19835 output_tokens=35 marginal_cost=0.009970000000000001 aggregate_cost=0.01463
2026-07-03T14:38:22.197242Z ERROR kaptaind::daemon::scheduler: commit failed error=git add -- /home/sal/bart/./.kaptaind/status.tmp failed: fatal: pathspec '/home/sal/bart/./.kaptaind/status.tmp' did not match any files
2026-07-03T14:38:22.197748Z  INFO kaptaind::daemon::scheduler: cluster window expired by new event cluster_id=56169df8-9234-4b85-b891-f017005852eb
2026-07-03T14:38:23.047936Z  INFO kaptaind::daemon::scheduler: Token usage and cost tracking input_tokens=7490838 output_tokens=35 marginal_cost=3.7454715 aggregate_cost=3.7601014999999998
2026-07-03T14:38:23.050121Z ERROR kaptaind::daemon::scheduler: commit failed error=git add -- /home/sal/bart/./target/debug/incremental/bart-20rnni4ogt9a8/s-hk1vzy4wfe-16so81m-working/e2xjrktt6vbeklrf9iyvw9jx7.o failed: fatal: pathspec '/home/sal/bart/./target/debug/incremental/bart-20rnni4ogt9a8/s-hk1vzy4wfe-16so81m-working/e2xjrktt6vbeklrf9iyvw9jx7.o' did not match any files
2026-07-03T14:38:23.052937Z  INFO kaptaind::daemon::scheduler: cluster window expired by new event cluster_id=b1ff7acd-af35-4e58-b4f3-cf0c06584e31
2026-07-03T14:38:23.833841Z  INFO kaptaind::daemon::scheduler: Token usage and cost tracking input_tokens=33720 output_tokens=35 marginal_cost=0.0169125 aggregate_cost=3.7770140000000003
2026-07-03T14:38:23.835650Z ERROR kaptaind::daemon::scheduler: commit failed error=git add -- /home/sal/bart/./target/debug/.cargo-lock failed: The following paths are ignored by one of your .gitignore files:
target
hint: Use -f if you really want to add them.
hint: Turn this message off by running
hint: "git config advice.addIgnoredFile false"
2026-07-03T14:38:23.836399Z  INFO kaptaind::daemon::scheduler: cluster window expired by new event cluster_id=c82668b4-4835-4252-9175-b5f4c44bb8a0
2026-07-03T14:38:24.660689Z  INFO kaptaind::daemon::scheduler: Token usage and cost tracking input_tokens=2498020 output_tokens=35 marginal_cost=1.2490625 aggregate_cost=5.0260765
2026-07-03T14:38:24.662302Z ERROR kaptaind::daemon::scheduler: commit failed error=git add -- /home/sal/bart/./target/debug/deps/bart-b29ffdb2d2c25711.4sc9v0c4v2nm94cnyc1uxoo4f.0o3p66k.rcgu.o failed: fatal: pathspec '/home/sal/bart/./target/debug/deps/bart-b29ffdb2d2c25711.4sc9v0c4v2nm94cnyc1uxoo4f.0o3p66k.rcgu.o' did not match any files
2026-07-03T14:38:24.662883Z  INFO kaptaind::daemon::scheduler: cluster window expired by new event cluster_id=ca7e3a2a-62e0-4725-93a5-184d475b8eaf
2026-07-03T14:38:30.972692Z  INFO kaptaind::daemon::scheduler: Token usage and cost tracking input_tokens=4993329 output_tokens=35 marginal_cost=2.496717 aggregate_cost=7.522793500000001
2026-07-03T14:38:30.975943Z ERROR kaptaind::daemon::scheduler: commit failed error=git add -- /home/sal/bart/./target/debug/deps/bart-b29ffdb2d2c25711.tmp5ffb246 failed: fatal: pathspec '/home/sal/bart/./target/debug/deps/bart-b29ffdb2d2c25711.tmp5ffb246' did not match any files
2026-07-03T14:38:30.980324Z  INFO kaptaind::daemon::scheduler: cluster window expired by new event cluster_id=e7f51231-94cb-4ade-af6b-1d830f086b69
2026-07-03T14:38:36.984704Z  INFO kaptaind::daemon::scheduler: Token usage and cost tracking input_tokens=34610 output_tokens=35 marginal_cost=0.0173575 aggregate_cost=7.540151000000001
2026-07-03T14:38:37.514888Z ERROR kaptaind::daemon::scheduler: commit failed error=git add -- /home/sal/bart/./.kaptaind/telemetry.tmp failed: fatal: pathspec '/home/sal/bart/./.kaptaind/telemetry.tmp' did not match any files
2026-07-03T14:38:37.661339Z  INFO kaptaind::daemon::scheduler: cluster window expired by new event cluster_id=d526aea9-fbeb-401a-84de-93dea41863dc
2026-07-03T14:38:40.407008Z  INFO kaptaind::daemon::scheduler: Token usage and cost tracking input_tokens=7489964 output_tokens=35 marginal_cost=3.7450345 aggregate_cost=11.2851855
2026-07-03T14:38:40.410021Z ERROR kaptaind::daemon::scheduler: commit failed error=git add -- /home/sal/bart/./target/debug/incremental/bart-2osxssqc2f9m2/s-hk1w0bp1aq-00nqi4q-working/dep-graph.part.bin failed: fatal: pathspec '/home/sal/bart/./target/debug/incremental/bart-2osxssqc2f9m2/s-hk1w0bp1aq-00nqi4q-working/dep-graph.part.bin' did not match any files
2026-07-03T14:38:40.462810Z  INFO kaptaind::daemon::scheduler: cluster window expired by new event cluster_id=1f73563d-99a6-4718-ac9b-0559f6ecc9c1
2026-07-03T14:38:42.482135Z  INFO kaptaind::daemon::scheduler: Token usage and cost tracking input_tokens=26893 output_tokens=35 marginal_cost=0.013499 aggregate_cost=11.2986845
2026-07-03T14:38:42.487395Z ERROR kaptaind::daemon::scheduler: commit failed error=git add -- /home/sal/bart/./target/debug/deps/bart-6920af385b4ccd6d.eqsm6kykggvom18as7bk5u33z.0szlxic.rcgu.o failed: fatal: pathspec '/home/sal/bart/./target/debug/deps/bart-6920af385b4ccd6d.eqsm6kykggvom18as7bk5u33z.0szlxic.rcgu.o' did not match any files
2026-07-03T14:38:42.531296Z  INFO kaptaind::daemon::scheduler: cluster window expired by new event cluster_id=a4ed4b1a-a3c9-473c-b9aa-663b5b424a43
2026-07-03T14:38:45.209496Z  INFO kaptaind::daemon::scheduler: Token usage and cost tracking input_tokens=2048 output_tokens=35 marginal_cost=0.0010765 aggregate_cost=11.299761
2026-07-03T14:38:45.212385Z ERROR kaptaind::daemon::scheduler: commit failed error=git add -- /home/sal/bart/./target/debug/deps/rmetadF9q0D failed: fatal: pathspec '/home/sal/bart/./target/debug/deps/rmetadF9q0D' did not match any files
2026-07-03T14:38:45.303500Z  INFO kaptaind::daemon::scheduler: cluster window expired by new event cluster_id=faca43da-efc8-4d9e-a80d-4a2184b66a01
2026-07-03T14:38:50.886143Z  INFO kaptaind::daemon::scheduler: Token usage and cost tracking input_tokens=7489246 output_tokens=35 marginal_cost=3.7446755 aggregate_cost=15.0444365
2026-07-03T14:38:50.888426Z ERROR kaptaind::daemon::scheduler: commit failed error=git add -- /home/sal/bart/./target/debug/deps/bart-ee74ce39a614c6dc.tmp9c9f929 failed: fatal: pathspec '/home/sal/bart/./target/debug/deps/bart-ee74ce39a614c6dc.tmp9c9f929' did not match any files
2026-07-03T14:38:50.890364Z  INFO kaptaind::daemon::scheduler: cluster window expired by new event cluster_id=39e0e23d-c16d-400d-8c67-5c4e4e22e847
2026-07-03T14:38:51.526741Z  INFO kaptaind::daemon::scheduler: Token usage and cost tracking input_tokens=33714 output_tokens=35 marginal_cost=0.0169095 aggregate_cost=15.061346
2026-07-03T14:38:51.538184Z ERROR kaptaind::daemon::scheduler: commit failed error=git add -- /home/sal/bart/./.kaptaind/telemetry.tmp failed: fatal: pathspec '/home/sal/bart/./.kaptaind/telemetry.tmp' did not match any files
2026-07-03T14:38:51.538911Z  INFO kaptaind::daemon::scheduler: cluster window expired by new event cluster_id=1ad62013-5ec1-45a6-9603-4bad9cd5c410
2026-07-03T14:38:52.233771Z  INFO kaptaind::daemon::scheduler: Token usage and cost tracking input_tokens=7489964 output_tokens=35 marginal_cost=3.7450345 aggregate_cost=18.8063805
2026-07-03T14:38:52.235678Z ERROR kaptaind::daemon::scheduler: commit failed error=git add -- /home/sal/bart/./target/debug/incremental/bart-0l4kbvpqah95p/s-hk1w0cn956-1q0za16-working/query-cache.bin failed: fatal: pathspec '/home/sal/bart/./target/debug/incremental/bart-0l4kbvpqah95p/s-hk1w0cn956-1q0za16-working/query-cache.bin' did not match any files
2026-07-03T14:38:52.237531Z  INFO kaptaind::daemon::scheduler: cluster window expired by new event cluster_id=af2be5aa-bbf4-4df2-afba-c28743a73d15
2026-07-03T14:38:53.014294Z  INFO kaptaind::daemon::scheduler: Token usage and cost tracking input_tokens=27994 output_tokens=35 marginal_cost=0.014049500000000001 aggregate_cost=18.820429999999998
2026-07-03T14:38:53.017350Z ERROR kaptaind::daemon::scheduler: commit failed error=git add -- /home/sal/bart/./target/debug/.fingerprint/bart-fbb9f8b7a5a6f0b5/dep-test-bin-bart failed: The following paths are ignored by one of your .gitignore files:
target
hint: Use -f if you really want to add them.
hint: Turn this message off by running
hint: "git config advice.addIgnoredFile false"
2026-07-03T14:38:53.019420Z  INFO kaptaind::daemon::scheduler: cluster window expired by new event cluster_id=de5260f4-caa3-4a94-8158-649d8eb9fcbd
2026-07-03T14:38:54.114081Z  INFO kaptaind::daemon::scheduler: Token usage and cost tracking input_tokens=2498020 output_tokens=35 marginal_cost=1.2490625 aggregate_cost=20.069492500000003
2026-07-03T14:38:54.116617Z ERROR kaptaind::daemon::scheduler: commit failed error=git add -- /home/sal/bart/./target/debug/deps/bart-128f235a16597658.8oke1876zg72asrsr0et5i878.1aihg5l.rcgu.o failed: fatal: pathspec '/home/sal/bart/./target/debug/deps/bart-128f235a16597658.8oke1876zg72asrsr0et5i878.1aihg5l.rcgu.o' did not match any files
2026-07-03T14:38:54.117182Z  INFO kaptaind::daemon::scheduler: cluster window expired by new event cluster_id=3081d55f-c455-48bc-b11e-00618089bf7d
2026-07-03T14:38:55.079147Z  INFO kaptaind::daemon::scheduler: Token usage and cost tracking input_tokens=4993299 output_tokens=35 marginal_cost=2.496702 aggregate_cost=22.5661945
2026-07-03T14:38:55.082485Z ERROR kaptaind::daemon::scheduler: commit failed error=git add -- /home/sal/bart/./target/debug/deps/bart-128f235a16597658.tmp1b9bf26 failed: fatal: pathspec '/home/sal/bart/./target/debug/deps/bart-128f235a16597658.tmp1b9bf26' did not match any files
2026-07-03T14:38:55.086662Z  INFO kaptaind::daemon::scheduler: cluster window expired by new event cluster_id=89cf3209-9bfc-47e9-b2a1-a47cfb425c4a
2026-07-03T14:38:55.786040Z  INFO kaptaind::daemon::scheduler: Token usage and cost tracking input_tokens=36060 output_tokens=35 marginal_cost=0.0180825 aggregate_cost=22.584277
2026-07-03T14:38:55.792859Z ERROR kaptaind::daemon::scheduler: commit failed error=git add -- /home/sal/bart/./.kaptaind/telemetry.tmp failed: fatal: pathspec '/home/sal/bart/./.kaptaind/telemetry.tmp' did not match any files
2026-07-03T14:38:55.793782Z  INFO kaptaind::daemon::scheduler: cluster window expired by new event cluster_id=4652ed92-bccd-4b3a-978f-289c0909e89f
2026-07-03T14:38:56.346463Z  INFO kaptaind::daemon::scheduler: Token usage and cost tracking input_tokens=7489964 output_tokens=35 marginal_cost=3.7450345 aggregate_cost=26.3293115
2026-07-03T14:38:56.348633Z ERROR kaptaind::daemon::scheduler: commit failed error=git add -- /home/sal/bart/./target/debug/incremental/bart-3ghrs30tffvi7/s-hk1w0i8yz1-0a76re2-working/query-cache.bin failed: fatal: pathspec '/home/sal/bart/./target/debug/incremental/bart-3ghrs30tffvi7/s-hk1w0i8yz1-0a76re2-working/query-cache.bin' did not match any files
2026-07-03T14:38:56.349555Z  INFO kaptaind::daemon::scheduler: cluster window expired by new event cluster_id=2d0d6362-87c2-4db1-84af-e03487fea83c
2026-07-03T14:38:57.117903Z  INFO kaptaind::daemon::scheduler: Token usage and cost tracking input_tokens=10005 output_tokens=35 marginal_cost=0.0050550000000000005 aggregate_cost=26.334366499999998
2026-07-03T14:38:57.119541Z ERROR kaptaind::daemon::scheduler: commit failed error=git add -- /home/sal/bart/./target/debug/deps/bart-c28d1227c37bb598.4znj5oj572xq0q9vtzz2u9ufs.1jzpgiy.rcgu.o failed: fatal: pathspec '/home/sal/bart/./target/debug/deps/bart-c28d1227c37bb598.4znj5oj572xq0q9vtzz2u9ufs.1jzpgiy.rcgu.o' did not match any files
2026-07-03T14:38:57.120662Z  INFO kaptaind::daemon::scheduler: cluster window expired by new event cluster_id=e42b9c44-0232-4d4f-a3da-0ffcf233f1db
2026-07-03T14:38:57.759315Z  INFO kaptaind::daemon::scheduler: Token usage and cost tracking input_tokens=26556 output_tokens=35 marginal_cost=0.013330500000000002 aggregate_cost=26.347697
2026-07-03T14:38:57.778542Z ERROR kaptaind::daemon::scheduler: commit failed error=git add -- /home/sal/bart/./.kaptaind/status.tmp failed: fatal: pathspec '/home/sal/bart/./.kaptaind/status.tmp' did not match any files
2026-07-03T14:38:57.779017Z  INFO kaptaind::daemon::scheduler: cluster window expired by new event cluster_id=79a23395-c066-4c97-839e-62bc345ec57b
2026-07-03T14:38:58.755207Z  INFO kaptaind::daemon::scheduler: Token usage and cost tracking input_tokens=7490838 output_tokens=35 marginal_cost=3.7454715 aggregate_cost=30.0931685
2026-07-03T14:38:58.759232Z ERROR kaptaind::daemon::scheduler: commit failed error=git add -- /home/sal/bart/./target/debug/incremental/bart-2jqwjgz8tw0hs/s-hk1w0lfy81-045dsmk-working/8iqsgy5pchhdxv9k1wvsctxp4.o failed: fatal: pathspec '/home/sal/bart/./target/debug/incremental/bart-2jqwjgz8tw0hs/s-hk1w0lfy81-045dsmk-working/8iqsgy5pchhdxv9k1wvsctxp4.o' did not match any files
2026-07-03T14:38:58.760267Z  INFO kaptaind::daemon::scheduler: cluster window expired by new event cluster_id=d36405a2-13ff-41a4-a544-0f10c4b623d1
2026-07-03T14:39:00.093955Z  INFO kaptaind::daemon::scheduler: Token usage and cost tracking input_tokens=31056 output_tokens=35 marginal_cost=0.0155805 aggregate_cost=30.108749
2026-07-03T14:39:00.096752Z ERROR kaptaind::daemon::scheduler: commit failed error=git add -- /home/sal/bart/./.kaptaind/status.tmp failed: fatal: pathspec '/home/sal/bart/./.kaptaind/status.tmp' did not match any files
2026-07-03T14:39:00.097847Z  INFO kaptaind::daemon::scheduler: cluster window expired by new event cluster_id=b744be03-d46e-4164-8868-5df42c58957a
2026-07-03T14:39:03.376649Z  INFO kaptaind::daemon::scheduler: Token usage and cost tracking input_tokens=7489996 output_tokens=35 marginal_cost=3.7450505 aggregate_cost=33.8537995
2026-07-03T14:39:03.379486Z ERROR kaptaind::daemon::scheduler: commit failed error=git add -- /home/sal/bart/./target/debug/incremental/bart-2m6eo40asskrl/s-hk1w0mqcup-0hbcem5-working/query-cache.bin failed: fatal: pathspec '/home/sal/bart/./target/debug/incremental/bart-2m6eo40asskrl/s-hk1w0mqcup-0hbcem5-working/query-cache.bin' did not match any files
2026-07-03T14:39:03.507829Z  INFO kaptaind::daemon::scheduler: cluster window expired by new event cluster_id=60a479c2-bcc1-4506-a70e-6f07dcdf8acf
2026-07-03T14:39:06.485752Z  INFO kaptaind::daemon::scheduler: Token usage and cost tracking input_tokens=32756 output_tokens=35 marginal_cost=0.0164305 aggregate_cost=33.87023
2026-07-03T14:39:06.488048Z ERROR kaptaind::daemon::scheduler: commit failed error=git add -- /home/sal/bart/./target/debug/.fingerprint/bart-e755dbcef35780ed/test-bin-bart failed: The following paths are ignored by one of your .gitignore files:
target
hint: Use -f if you really want to add them.
hint: Turn this message off by running
hint: "git config advice.addIgnoredFile false"
2026-07-03T14:39:07.056814Z  INFO kaptaind::daemon::scheduler: cluster window expired by new event cluster_id=d9dc6bf3-f172-4c0d-8047-344b102bd368
2026-07-03T14:39:08.489578Z  INFO kaptaind::daemon::scheduler: Token usage and cost tracking input_tokens=7510254 output_tokens=35 marginal_cost=3.7551794999999997 aggregate_cost=37.625409499999996
2026-07-03T14:39:08.492459Z ERROR kaptaind::daemon::scheduler: commit failed error=git add -- /home/sal/bart/./target/debug/deps/bart-872637377f51c9a3.cpd880kpyrinqjv028wxl25n0.0pi0svm.rcgu.o failed: fatal: pathspec '/home/sal/bart/./target/debug/deps/bart-872637377f51c9a3.cpd880kpyrinqjv028wxl25n0.0pi0svm.rcgu.o' did not match any files
2026-07-03T14:39:08.502038Z  INFO kaptaind::daemon::scheduler: cluster window expired by new event cluster_id=7cbb8411-2693-46fb-8f7c-65bc4bed838c
2026-07-03T14:39:10.328891Z  INFO kaptaind::daemon::scheduler: Token usage and cost tracking input_tokens=7498444 output_tokens=35 marginal_cost=3.7492745000000003 aggregate_cost=41.374684
2026-07-03T14:39:10.338046Z ERROR kaptaind::daemon::scheduler: commit failed error=git add -- /home/sal/bart/./target/debug/.fingerprint/bart-0b7269ddf2b76bad failed: The following paths are ignored by one of your .gitignore files:
target
hint: Use -f if you really want to add them.
hint: Turn this message off by running
hint: "git config advice.addIgnoredFile false"
2026-07-03T14:39:10.339490Z  INFO kaptaind::daemon::scheduler: cluster window expired by new event cluster_id=1f84a3bd-0de6-42a9-801d-b476906377f5
2026-07-03T14:39:12.943129Z  INFO kaptaind::daemon::scheduler: Token usage and cost tracking input_tokens=2529087 output_tokens=35 marginal_cost=1.264596 aggregate_cost=42.63928
2026-07-03T14:39:13.211582Z ERROR kaptaind::daemon::scheduler: commit failed error=git add -- /home/sal/bart/./.kaptaind/telemetry.tmp failed: fatal: pathspec '/home/sal/bart/./.kaptaind/telemetry.tmp' did not match any files
2026-07-03T14:39:13.252101Z  INFO kaptaind::daemon::scheduler: cluster window expired by new event cluster_id=b5c3f66c-b849-4b98-b408-ac938935697d
2026-07-03T14:39:20.087800Z  INFO kaptaind::daemon::scheduler: Token usage and cost tracking input_tokens=4999540 output_tokens=35 marginal_cost=2.4998224999999996 aggregate_cost=45.1391025
2026-07-03T14:39:20.089715Z ERROR kaptaind::daemon::scheduler: commit failed error=git add -- /home/sal/bart/./target/debug/deps/bart-1d44c7d8e038f1c9.tmpf965b32 failed: fatal: pathspec '/home/sal/bart/./target/debug/deps/bart-1d44c7d8e038f1c9.tmpf965b32' did not match any files
2026-07-03T14:39:20.090688Z  INFO kaptaind::daemon::scheduler: cluster window expired by new event cluster_id=e1d79b62-5210-4e80-8361-f53193a9c23a
2026-07-03T14:39:20.809145Z  INFO kaptaind::daemon::scheduler: Token usage and cost tracking input_tokens=7521625 output_tokens=35 marginal_cost=3.760865 aggregate_cost=48.8999675
2026-07-03T14:39:20.847702Z ERROR kaptaind::daemon::scheduler: commit failed error=git add -- /home/sal/bart/./.kaptaind/status.tmp failed: fatal: pathspec '/home/sal/bart/./.kaptaind/status.tmp' did not match any files
2026-07-03T14:39:20.848604Z  INFO kaptaind::daemon::scheduler: cluster window expired by new event cluster_id=3dd6adad-7e48-4eb9-ad34-40e8df51c8d6
2026-07-03T14:39:21.420768Z  INFO kaptaind::daemon::scheduler: Token usage and cost tracking input_tokens=35864 output_tokens=35 marginal_cost=0.0179845 aggregate_cost=48.917952
2026-07-03T14:39:21.422260Z ERROR kaptaind::daemon::scheduler: commit failed error=git add -- /home/sal/bart/./.kaptaind/status.tmp failed: fatal: pathspec '/home/sal/bart/./.kaptaind/status.tmp' did not match any files
2026-07-03T14:39:21.423148Z  INFO kaptaind::daemon::scheduler: cluster window expired by new event cluster_id=ef65a75d-c6ab-4fa1-b21d-30f3a94e6749
2026-07-03T14:39:22.205608Z  INFO kaptaind::daemon::scheduler: Token usage and cost tracking input_tokens=7512744 output_tokens=35 marginal_cost=3.7564244999999996 aggregate_cost=52.6743765
2026-07-03T14:39:22.207056Z ERROR kaptaind::daemon::scheduler: commit failed error=git add -- /home/sal/bart/./target/debug/deps/bart-b71dab2bc5ed1881.tmp176f220 failed: fatal: pathspec '/home/sal/bart/./target/debug/deps/bart-b71dab2bc5ed1881.tmp176f220' did not match any files
2026-07-03T14:39:22.208195Z  INFO kaptaind::daemon::scheduler: cluster window expired by new event cluster_id=85ae96da-8f9a-4095-99c4-6e40214da2e7
2026-07-03T14:39:22.315116Z  INFO kaptaind::daemon::scheduler: Token usage and cost tracking input_tokens=7498414 output_tokens=35 marginal_cost=3.7492595 aggregate_cost=56.423636
2026-07-03T14:39:22.317499Z ERROR kaptaind::daemon::scheduler: commit failed error=git add -- /home/sal/bart/./target/debug/.fingerprint/bart-dd5cb5019fd20d26 failed: The following paths are ignored by one of your .gitignore files:
target
hint: Use -f if you really want to add them.
hint: Turn this message off by running
hint: "git config advice.addIgnoredFile false"
2026-07-03T14:39:22.318026Z  INFO kaptaind::daemon::scheduler: cluster window expired by new event cluster_id=b39b69cf-6a51-4371-8b5f-63490e0d59ff
2026-07-03T14:39:23.145824Z  INFO kaptaind::daemon::scheduler: Token usage and cost tracking input_tokens=2531766 output_tokens=35 marginal_cost=1.2659355 aggregate_cost=57.6895715
2026-07-03T14:39:23.158408Z ERROR kaptaind::daemon::scheduler: commit failed error=git add -- /home/sal/bart/./.kaptaind/telemetry.tmp failed: fatal: pathspec '/home/sal/bart/./.kaptaind/telemetry.tmp' did not match any files
2026-07-03T14:39:23.159221Z  INFO kaptaind::daemon::scheduler: cluster window expired by new event cluster_id=7e6099f4-de05-47b7-a18e-36b1ae02d836
2026-07-03T14:39:24.083094Z  INFO kaptaind::daemon::scheduler: Token usage and cost tracking input_tokens=5027190 output_tokens=35 marginal_cost=2.5136475 aggregate_cost=60.203219
2026-07-03T14:39:24.084807Z ERROR kaptaind::daemon::scheduler: commit failed error=git add -- /home/sal/bart/./target/debug/deps/bart-3dbc5c4c07469d84.tmp660e4fc failed: fatal: pathspec '/home/sal/bart/./target/debug/deps/bart-3dbc5c4c07469d84.tmp660e4fc' did not match any files
2026-07-03T14:39:24.085625Z  INFO kaptaind::daemon::scheduler: cluster window expired by new event cluster_id=6858827f-a62c-43db-b55d-a8546198592c
2026-07-03T14:39:24.704840Z  INFO kaptaind::daemon::scheduler: Token usage and cost tracking input_tokens=7489793 output_tokens=35 marginal_cost=3.7449489999999996 aggregate_cost=63.948167999999995
2026-07-03T14:39:24.706493Z ERROR kaptaind::daemon::scheduler: commit failed error=git add -- /home/sal/bart/./target/debug/incremental/bart-18u7lfwxskecn failed: The following paths are ignored by one of your .gitignore files:
target
hint: Use -f if you really want to add them.
hint: Turn this message off by running
hint: "git config advice.addIgnoredFile false"
2026-07-03T14:39:24.707952Z  INFO kaptaind::daemon::scheduler: cluster window expired by new event cluster_id=186039ca-ab0b-467d-a4b5-ac2a0bef1b40
2026-07-03T14:39:25.369122Z  INFO kaptaind::daemon::scheduler: Token usage and cost tracking input_tokens=42949 output_tokens=35 marginal_cost=0.021527 aggregate_cost=63.969694999999994
2026-07-03T14:39:25.374385Z ERROR kaptaind::daemon::scheduler: commit failed error=git add -- /home/sal/bart/./.kaptaind/telemetry.tmp failed: fatal: pathspec '/home/sal/bart/./.kaptaind/telemetry.tmp' did not match any files
2026-07-03T14:39:25.375307Z  INFO kaptaind::daemon::scheduler: cluster window expired by new event cluster_id=b11eba79-6595-4939-91d4-cc76b5730986
2026-07-03T14:39:26.473964Z  INFO kaptaind::daemon::scheduler: Token usage and cost tracking input_tokens=7516986 output_tokens=35 marginal_cost=3.7585455 aggregate_cost=67.7282405
2026-07-03T14:39:26.477177Z ERROR kaptaind::daemon::scheduler: commit failed error=git add -- /home/sal/bart/./target/debug/deps/bart-913aeb05d68b7558.tmp4f464fb failed: fatal: pathspec '/home/sal/bart/./target/debug/deps/bart-913aeb05d68b7558.tmp4f464fb' did not match any files
2026-07-03T14:39:26.479948Z  INFO kaptaind::daemon::scheduler: cluster window expired by new event cluster_id=5d7888f9-80eb-4726-a4c5-5a944754cc64
2026-07-03T14:39:27.869105Z  INFO kaptaind::daemon::scheduler: Token usage and cost tracking input_tokens=7498414 output_tokens=35 marginal_cost=3.7492595 aggregate_cost=71.47749999999999
2026-07-03T14:39:27.884949Z ERROR kaptaind::daemon::scheduler: commit failed error=git add -- /home/sal/bart/./target/debug/.fingerprint/bart-26b440ab2fdfeb65 failed: The following paths are ignored by one of your .gitignore files:
target
hint: Use -f if you really want to add them.
hint: Turn this message off by running
hint: "git config advice.addIgnoredFile false"
2026-07-03T14:39:27.888561Z  INFO kaptaind::daemon::scheduler: cluster window expired by new event cluster_id=ff55fd57-3516-4cca-89a9-7da268899136
2026-07-03T14:39:28.898258Z  INFO kaptaind::daemon::scheduler: Token usage and cost tracking input_tokens=2534581 output_tokens=35 marginal_cost=1.267343 aggregate_cost=72.74484299999999
2026-07-03T14:39:28.924731Z ERROR kaptaind::daemon::scheduler: commit failed error=git add -- /home/sal/bart/./.kaptaind/telemetry.tmp failed: fatal: pathspec '/home/sal/bart/./.kaptaind/telemetry.tmp' did not match any files
2026-07-03T14:39:28.927736Z  INFO kaptaind::daemon::scheduler: cluster window expired by new event cluster_id=b5c436cd-923c-4fed-b49c-9c5db2140f94
2026-07-03T14:39:30.053139Z  INFO kaptaind::daemon::scheduler: Token usage and cost tracking input_tokens=5001470 output_tokens=35 marginal_cost=2.5007875 aggregate_cost=75.24563049999999
2026-07-03T14:39:30.057963Z ERROR kaptaind::daemon::scheduler: commit failed error=git add -- /home/sal/bart/./target/debug/deps/bart-5e4d00981b188731.tmpbcc673d failed: fatal: pathspec '/home/sal/bart/./target/debug/deps/bart-5e4d00981b188731.tmpbcc673d' did not match any files
2026-07-03T14:39:30.061331Z  INFO kaptaind::daemon::scheduler: cluster window expired by new event cluster_id=ce9f36f4-92d2-489a-9405-cfe9edf84b28
2026-07-03T14:39:31.052540Z  INFO kaptaind::daemon::scheduler: Token usage and cost tracking input_tokens=7522150 output_tokens=35 marginal_cost=3.7611274999999997 aggregate_cost=79.00675799999999
